  main.cpp
E:\Code\NeuralNetworkCPP\NeuralNetworkCPP\Matrix.h(157): warning C4018: '<': signed/unsigned mismatch
  E:\Code\NeuralNetworkCPP\NeuralNetworkCPP\Matrix.h(153): note: while compiling class template member function 'std::ostream &operator <<(std::ostream &,const Matrix<int> &)'
  E:\Code\NeuralNetworkCPP\NeuralNetworkCPP\main.cpp(18): note: see reference to function template instantiation 'std::ostream &operator <<(std::ostream &,const Matrix<int> &)' being compiled
  E:\Code\NeuralNetworkCPP\NeuralNetworkCPP\Matrix.h(112): note: see reference to class template instantiation 'Matrix<int>' being compiled
  E:\Code\NeuralNetworkCPP\NeuralNetworkCPP\Matrix.h(193): note: see reference to class template instantiation 'Matrix<T>' being compiled
E:\Code\NeuralNetworkCPP\NeuralNetworkCPP\Matrix.h(160): warning C4018: '<': signed/unsigned mismatch
E:\Code\NeuralNetworkCPP\NeuralNetworkCPP\Matrix.h(139): warning C4018: '<': signed/unsigned mismatch
  E:\Code\NeuralNetworkCPP\NeuralNetworkCPP\Matrix.h(132): note: while compiling class template member function 'const Matrix<double> &Matrix<int>::operator *(const Matrix<double> &)'
  E:\Code\NeuralNetworkCPP\NeuralNetworkCPP\main.cpp(18): note: see reference to function template instantiation 'const Matrix<double> &Matrix<int>::operator *(const Matrix<double> &)' being compiled
E:\Code\NeuralNetworkCPP\NeuralNetworkCPP\Matrix.h(141): warning C4018: '<': signed/unsigned mismatch
E:\Code\NeuralNetworkCPP\NeuralNetworkCPP\Matrix.h(143): warning C4018: '<': signed/unsigned mismatch
E:\Code\NeuralNetworkCPP\NeuralNetworkCPP\Matrix.h(85): warning C4018: '<': signed/unsigned mismatch
  E:\Code\NeuralNetworkCPP\NeuralNetworkCPP\Matrix.h(72): note: while compiling class template member function 'const Matrix<double> &Matrix<int>::operator +(const Matrix<int>)'
  E:\Code\NeuralNetworkCPP\NeuralNetworkCPP\main.cpp(18): note: see reference to function template instantiation 'const Matrix<double> &Matrix<int>::operator +(const Matrix<int>)' being compiled
E:\Code\NeuralNetworkCPP\NeuralNetworkCPP\Matrix.h(87): warning C4018: '<': signed/unsigned mismatch
E:\Code\NeuralNetworkCPP\NeuralNetworkCPP\Matrix.h(100): warning C4018: '<': signed/unsigned mismatch
  E:\Code\NeuralNetworkCPP\NeuralNetworkCPP\Matrix.h(96): note: while compiling class template member function 'const Matrix<double> &operator *(const double,const Matrix<double> &)'
  E:\Code\NeuralNetworkCPP\NeuralNetworkCPP\main.cpp(18): note: see reference to function template instantiation 'const Matrix<double> &operator *(const double,const Matrix<double> &)' being compiled
E:\Code\NeuralNetworkCPP\NeuralNetworkCPP\Matrix.h(102): warning C4018: '<': signed/unsigned mismatch
  Matrix.cpp
  Generating Code...
  NeuralNetworkCPP.vcxproj -> E:\Code\NeuralNetworkCPP\Debug\NeuralNetworkCPP.exe
